<?xml version="1.0" encoding="UTF-8"?>
<!-- Generated by org.testng.reporters.JUnitReportReporter -->
<testsuite hostname="KoBietLun" failures="0" tests="18" name="Entity_Test.NhanVienTest" time="0.024" errors="0" timestamp="2024-04-12T16:34:27 ICT" skipped="0">
  <testcase classname="Entity_Test.NhanVienTest" name="getSDTTest" time="0.001"/>
  <system-out/>
  <testcase classname="Entity_Test.NhanVienTest" name="isGioiTinhTest" time="0.002"/>
  <system-out/>
  <testcase classname="Entity_Test.NhanVienTest" name="setGioiTinhTest" time="0.001"/>
  <system-out/>
  <testcase classname="Entity_Test.NhanVienTest" name="setSDTTest" time="0.001"/>
  <system-out/>
  <testcase classname="Entity_Test.NhanVienTest" name="setVaiTroTest" time="0.000"/>
  <system-out/>
  <testcase classname="Entity_Test.NhanVienTest" name="getMatKhauTest" time="0.002"/>
  <system-out/>
  <testcase classname="Entity_Test.NhanVienTest" name="setDiaChiTest" time="0.001"/>
  <system-out/>
  <testcase classname="Entity_Test.NhanVienTest" name="setEmailTest" time="0.000"/>
  <system-out/>
  <testcase classname="Entity_Test.NhanVienTest" name="getMaNVTest" time="0.001"/>
  <system-out/>
  <testcase classname="Entity_Test.NhanVienTest" name="setMaNVTest" time="0.001"/>
  <system-out/>
  <testcase classname="Entity_Test.NhanVienTest" name="NhanVienContructorTest" time="0.001"/>
  <system-out/>
  <testcase classname="Entity_Test.NhanVienTest" name="getDiaChiTest" time="0.002"/>
  <system-out/>
  <testcase classname="Entity_Test.NhanVienTest" name="getEmailTest" time="0.001"/>
  <system-out/>
  <testcase classname="Entity_Test.NhanVienTest" name="getHoTenTest" time="0.002"/>
  <system-out/>
  <testcase classname="Entity_Test.NhanVienTest" name="setHoTenTest" time="0.002"/>
  <system-out/>
  <testcase classname="Entity_Test.NhanVienTest" name="NhanVienContructorFullFieldTest" time="0.005"/>
  <system-out/>
  <testcase classname="Entity_Test.NhanVienTest" name="isVaiTroTest" time="0.001"/>
  <system-out/>
  <testcase classname="Entity_Test.NhanVienTest" name="setMatKhauTest" time="0.000"/>
  <system-out/>
</testsuite> <!-- Entity_Test.NhanVienTest -->
