<?xml version="1.0" encoding="UTF-8"?>
<!-- Generated by org.testng.reporters.JUnitReportReporter -->
<testsuite hostname="KoBietLun" failures="0" tests="17" name="UI.UI.testNhanVienDialog" time="26.414" errors="0" timestamp="2024-04-12T15:24:37 ICT" skipped="0">
  <testcase classname="UI.UI.testNhanVienDialog" name="testAddValidStaff" time="1.354"/>
  <system-out/>
  <testcase classname="UI.UI.testNhanVienDialog" name="testAddInvalidStaff" time="1.808"/>
  <system-out/>
  <testcase classname="UI.UI.testNhanVienDialog" name="testAddInvalidStaff" time="1.897"/>
  <system-out/>
  <testcase classname="UI.UI.testNhanVienDialog" name="testAddInvalidStaff" time="1.629"/>
  <system-out/>
  <testcase classname="UI.UI.testNhanVienDialog" name="testAddInvalidStaff" time="1.856"/>
  <system-out/>
  <testcase classname="UI.UI.testNhanVienDialog" name="testAddInvalidStaff" time="2.036"/>
  <system-out/>
  <testcase classname="UI.UI.testNhanVienDialog" name="testUpdateValidStaffData" time="1.091"/>
  <system-out/>
  <testcase classname="UI.UI.testNhanVienDialog" name="testUpdateInvalidStaffData" time="1.703"/>
  <system-out/>
  <testcase classname="UI.UI.testNhanVienDialog" name="testUpdateInvalidStaffData" time="1.748"/>
  <system-out/>
  <testcase classname="UI.UI.testNhanVienDialog" name="testUpdateInvalidStaffData" time="2.374"/>
  <system-out/>
  <testcase classname="UI.UI.testNhanVienDialog" name="testUpdateInvalidStaffData" time="1.921"/>
  <system-out/>
  <testcase classname="UI.UI.testNhanVienDialog" name="testUpdateInvalidStaffData" time="1.842"/>
  <system-out/>
  <testcase classname="UI.UI.testNhanVienDialog" name="testDeleteValidStaffData" time="1.017"/>
  <system-out/>
  <testcase classname="UI.UI.testNhanVienDialog" name="testDeleteValidStaffData" time="1.045"/>
  <system-out/>
  <testcase classname="UI.UI.testNhanVienDialog" name="testDeleteValidStaffData" time="1.026"/>
  <system-out/>
  <testcase classname="UI.UI.testNhanVienDialog" name="testDeleteValidStaffData" time="1.030"/>
  <system-out/>
  <testcase classname="UI.UI.testNhanVienDialog" name="testDeleteInvalidStaffData" time="1.037"/>
  <system-out/>
</testsuite> <!-- UI.UI.testNhanVienDialog -->
