<?xml version="1.0" encoding="UTF-8"?>
<!-- Generated by org.testng.reporters.JUnitReportReporter -->
<testsuite hostname="KoBietLun" failures="0" tests="6" name="UI.UI.DoiMatKhauJDiaLogTest" time="11.612" errors="0" timestamp="2024-04-12T15:14:52 ICT" skipped="0">
  <testcase classname="UI.UI.DoiMatKhauJDiaLogTest" name="loginTestPassed" time="2.877"/>
  <system-out/>
  <testcase classname="UI.UI.DoiMatKhauJDiaLogTest" name="loginTestPassed" time="1.969"/>
  <system-out/>
  <testcase classname="UI.UI.DoiMatKhauJDiaLogTest" name="loginTestPassed" time="1.944"/>
  <system-out/>
  <testcase classname="UI.UI.DoiMatKhauJDiaLogTest" name="loginTestFailed" time="1.108"/>
  <system-out/>
  <testcase classname="UI.UI.DoiMatKhauJDiaLogTest" name="loginTestFailed" time="1.868"/>
  <system-out/>
  <testcase classname="UI.UI.DoiMatKhauJDiaLogTest" name="loginTestFailed" time="1.846"/>
  <system-out/>
</testsuite> <!-- UI.UI.DoiMatKhauJDiaLogTest -->
