<?xml version="1.0" encoding="UTF-8"?>
<!-- Generated by org.testng.reporters.JUnitReportReporter -->
<testsuite hostname="KoBietLun" failures="0" tests="4" name="DAO_Test.LoaiGiamGiaDAOTest" time="0.920" errors="0" timestamp="2024-04-12T15:09:05 ICT" skipped="0">
  <testcase classname="DAO_Test.LoaiGiamGiaDAOTest" name="updateTest" time="0.078"/>
  <system-out/>
  <testcase classname="DAO_Test.LoaiGiamGiaDAOTest" name="deleteTest" time="0.693"/>
  <system-out/>
  <testcase classname="DAO_Test.LoaiGiamGiaDAOTest" name="insertTest" time="0.121"/>
  <system-out/>
  <testcase classname="DAO_Test.LoaiGiamGiaDAOTest" name="selectAllTest" time="0.028"/>
  <system-out/>
</testsuite> <!-- DAO_Test.LoaiGiamGiaDAOTest -->
