<?xml version="1.0" encoding="UTF-8"?>
<!-- Generated by org.testng.reporters.JUnitReportReporter -->
<testsuite hostname="KoBietLun" failures="0" tests="14" name="Entity_Test.HoaDonChiTietTest" time="0.034" errors="0" timestamp="2024-04-10T16:36:10 ICT" skipped="0">
  <testcase classname="Entity_Test.HoaDonChiTietTest" name="getGhiChuTest" time="0.004"/>
  <system-out/>
  <testcase classname="Entity_Test.HoaDonChiTietTest" name="setGiaTest" time="0.001"/>
  <system-out/>
  <testcase classname="Entity_Test.HoaDonChiTietTest" name="setMaHDCTTest" time="0.001"/>
  <system-out/>
  <testcase classname="Entity_Test.HoaDonChiTietTest" name="HoaDonChiTietTest" time="0.008"/>
  <system-out/>
  <testcase classname="Entity_Test.HoaDonChiTietTest" name="getGiaTest" time="0.002"/>
  <system-out/>
  <testcase classname="Entity_Test.HoaDonChiTietTest" name="setGhiChuTest" time="0.001"/>
  <system-out/>
  <testcase classname="Entity_Test.HoaDonChiTietTest" name="setMaSPTest" time="0.001"/>
  <system-out/>
  <testcase classname="Entity_Test.HoaDonChiTietTest" name="setSoLuongTest" time="0.004"/>
  <system-out/>
  <testcase classname="Entity_Test.HoaDonChiTietTest" name="getSoLuongTest" time="0.003"/>
  <system-out/>
  <testcase classname="Entity_Test.HoaDonChiTietTest" name="getMaHDCTTest" time="0.001"/>
  <system-out/>
  <testcase classname="Entity_Test.HoaDonChiTietTest" name="getMaHDTest" time="0.002"/>
  <system-out/>
  <testcase classname="Entity_Test.HoaDonChiTietTest" name="getMaSPTest" time="0.002"/>
  <system-out/>
  <testcase classname="Entity_Test.HoaDonChiTietTest" name="HoaDonChiTietTestintintStringintdoubleString" time="0.001"/>
  <system-out/>
  <testcase classname="Entity_Test.HoaDonChiTietTest" name="setMaHDTest" time="0.003"/>
  <system-out/>
</testsuite> <!-- Entity_Test.HoaDonChiTietTest -->
