<?xml version="1.0" encoding="UTF-8"?>
<!-- Generated by org.testng.reporters.JUnitReportReporter -->
<testsuite hostname="KoBietLun" failures="0" tests="14" name="Entity_Test.SanPhamTest" time="0.036" errors="0" timestamp="2024-04-12T15:30:18 ICT" skipped="0">
  <testcase classname="Entity_Test.SanPhamTest" name="getGiaTest" time="0.006"/>
  <system-out/>
  <testcase classname="Entity_Test.SanPhamTest" name="setHinhTest" time="0.001"/>
  <system-out/>
  <testcase classname="Entity_Test.SanPhamTest" name="setMaSPTest" time="0.001"/>
  <system-out/>
  <testcase classname="Entity_Test.SanPhamTest" name="SanPhamTest" time="0.008"/>
  <system-out/>
  <testcase classname="Entity_Test.SanPhamTest" name="getHinhTest" time="0.002"/>
  <system-out/>
  <testcase classname="Entity_Test.SanPhamTest" name="setGiaTest" time="0.004"/>
  <system-out/>
  <testcase classname="Entity_Test.SanPhamTest" name="setTenSPTest" time="0.001"/>
  <system-out/>
  <testcase classname="Entity_Test.SanPhamTest" name="setmaLoaiTest" time="0.002"/>
  <system-out/>
  <testcase classname="Entity_Test.SanPhamTest" name="getmaLoaiTest" time="0.002"/>
  <system-out/>
  <testcase classname="Entity_Test.SanPhamTest" name="getMaSPTest" time="0.003"/>
  <system-out/>
  <testcase classname="Entity_Test.SanPhamTest" name="getMoTaTest" time="0.002"/>
  <system-out/>
  <testcase classname="Entity_Test.SanPhamTest" name="getTenSPTest" time="0.001"/>
  <system-out/>
  <testcase classname="Entity_Test.SanPhamTest" name="SanPhamTestStringStringdoubleStringStringint" time="0.002"/>
  <system-out/>
  <testcase classname="Entity_Test.SanPhamTest" name="setMoTaTest" time="0.001"/>
  <system-out/>
</testsuite> <!-- Entity_Test.SanPhamTest -->
