<?xml version="1.0" encoding="UTF-8"?>
<!-- Generated by org.testng.reporters.JUnitReportReporter -->
<testsuite hostname="KoBietLun" failures="0" tests="6" name="UI.UI.SanPhamJDiaLogTest" time="0.000" errors="0" timestamp="2024-04-12T15:23:05 ICT" skipped="6">
  <testcase classname="UI.UI.SanPhamJDiaLogTest" name="test_createProductValid" time="0.000">
    <skipped/>
  </testcase> <!-- test_createProductValid -->
  <system-out/>
  <testcase classname="UI.UI.SanPhamJDiaLogTest" name="test_createProductInValid" time="0.000">
    <skipped/>
  </testcase> <!-- test_createProductInValid -->
  <system-out/>
  <testcase classname="UI.UI.SanPhamJDiaLogTest" name="test_updateProductValid" time="0.000">
    <skipped/>
  </testcase> <!-- test_updateProductValid -->
  <system-out/>
  <testcase classname="UI.UI.SanPhamJDiaLogTest" name="test_updateProductInValid" time="0.000">
    <skipped/>
  </testcase> <!-- test_updateProductInValid -->
  <system-out/>
  <testcase classname="UI.UI.SanPhamJDiaLogTest" name="test_deleteProductValid" time="0.000">
    <skipped/>
  </testcase> <!-- test_deleteProductValid -->
  <system-out/>
  <testcase classname="UI.UI.SanPhamJDiaLogTest" name="test_deleteProductInValid" time="0.000">
    <skipped/>
  </testcase> <!-- test_deleteProductInValid -->
  <system-out/>
</testsuite> <!-- UI.UI.SanPhamJDiaLogTest -->
