<?xml version="1.0" encoding="UTF-8"?>
<!-- Generated by org.testng.reporters.JUnitReportReporter -->
<testsuite hostname="KoBietLun" failures="0" tests="2" name="testAP.ap_Login" time="20.860" errors="0" timestamp="2024-04-12T16:39:02 ICT" skipped="0">
  <testcase classname="testAP.ap_Login" name="runWeb" time="4.988"/>
  <system-out/>
  <testcase classname="testAP.ap_Login" name="click_send_Web" time="15.872"/>
  <system-out/>
</testsuite> <!-- testAP.ap_Login -->
